<?xml version="1.0" encoding="UTF-8"?>
<testsuite name="co.edu.polijic.taller.TallerApplicationTests" tests="1" skipped="0" failures="0" errors="0" timestamp="2022-05-30T21:11:49" hostname="DESKTOP-GB0KOSJ" time="0.253">
  <properties/>
  <testcase name="contextLoads()" classname="co.edu.polijic.taller.TallerApplicationTests" time="0.253"/>
  <system-out><![CDATA[16:11:28.550 [Test worker] DEBUG org.springframework.test.context.BootstrapUtils - Instantiating CacheAwareContextLoaderDelegate from class [org.springframework.test.context.cache.DefaultCacheAwareContextLoaderDelegate]
16:11:28.566 [Test worker] DEBUG org.springframework.test.context.BootstrapUtils - Instantiating BootstrapContext using constructor [public org.springframework.test.context.support.DefaultBootstrapContext(java.lang.Class,org.springframework.test.context.CacheAwareContextLoaderDelegate)]
16:11:28.610 [Test worker] DEBUG org.springframework.test.context.BootstrapUtils - Instantiating TestContextBootstrapper for test class [co.edu.polijic.taller.TallerApplicationTests] from class [org.springframework.boot.test.context.SpringBootTestContextBootstrapper]
16:11:28.629 [Test worker] INFO org.springframework.boot.test.context.SpringBootTestContextBootstrapper - Neither @ContextConfiguration nor @ContextHierarchy found for test class [co.edu.polijic.taller.TallerApplicationTests], using SpringBootContextLoader
16:11:28.637 [Test worker] DEBUG org.springframework.test.context.support.AbstractContextLoader - Did not detect default resource location for test class [co.edu.polijic.taller.TallerApplicationTests]: class path resource [co/edu/polijic/taller/TallerApplicationTests-context.xml] does not exist
16:11:28.638 [Test worker] DEBUG org.springframework.test.context.support.AbstractContextLoader - Did not detect default resource location for test class [co.edu.polijic.taller.TallerApplicationTests]: class path resource [co/edu/polijic/taller/TallerApplicationTestsContext.groovy] does not exist
16:11:28.638 [Test worker] INFO org.springframework.test.context.support.AbstractContextLoader - Could not detect default resource locations for test class [co.edu.polijic.taller.TallerApplicationTests]: no resource found for suffixes {-context.xml, Context.groovy}.
16:11:28.639 [Test worker] INFO org.springframework.test.context.support.AnnotationConfigContextLoaderUtils - Could not detect default configuration classes for test class [co.edu.polijic.taller.TallerApplicationTests]: TallerApplicationTests does not declare any static, non-private, non-final, nested classes annotated with @Configuration.
16:11:28.726 [Test worker] DEBUG org.springframework.test.context.support.ActiveProfilesUtils - Could not find an 'annotation declaring class' for annotation type [org.springframework.test.context.ActiveProfiles] and class [co.edu.polijic.taller.TallerApplicationTests]
16:11:28.817 [Test worker] DEBUG org.springframework.context.annotation.ClassPathScanningCandidateComponentProvider - Identified candidate component class: file [D:\Papeles_Universidad\CURSOS\Computacion de la nube\Taller01\taller\build\classes\java\main\co\edu\polijic\taller\TallerApplication.class]
16:11:28.819 [Test worker] INFO org.springframework.boot.test.context.SpringBootTestContextBootstrapper - Found @SpringBootConfiguration co.edu.polijic.taller.TallerApplication for test class co.edu.polijic.taller.TallerApplicationTests
16:11:28.984 [Test worker] DEBUG org.springframework.boot.test.context.SpringBootTestContextBootstrapper - @TestExecutionListeners is not present for class [co.edu.polijic.taller.TallerApplicationTests]: using defaults.
16:11:28.985 [Test worker] INFO org.springframework.boot.test.context.SpringBootTestContextBootstrapper - Loaded default TestExecutionListener class names from location [META-INF/spring.factories]: [org.springframework.boot.test.autoconfigure.restdocs.RestDocsTestExecutionListener, org.springframework.boot.test.autoconfigure.web.client.MockRestServiceServerResetTestExecutionListener, org.springframework.boot.test.autoconfigure.web.servlet.MockMvcPrintOnlyOnFailureTestExecutionListener, org.springframework.boot.test.autoconfigure.web.servlet.WebDriverTestExecutionListener, org.springframework.boot.test.autoconfigure.webservices.client.MockWebServiceServerTestExecutionListener, org.springframework.boot.test.mock.mockito.MockitoTestExecutionListener, org.springframework.boot.test.mock.mockito.ResetMocksTestExecutionListener, org.springframework.test.context.web.ServletTestExecutionListener, org.springframework.test.context.support.DirtiesContextBeforeModesTestExecutionListener, org.springframework.test.context.event.ApplicationEventsTestExecutionListener, org.springframework.test.context.support.DependencyInjectionTestExecutionListener, org.springframework.test.context.support.DirtiesContextTestExecutionListener, org.springframework.test.context.transaction.TransactionalTestExecutionListener, org.springframework.test.context.jdbc.SqlScriptsTestExecutionListener, org.springframework.test.context.event.EventPublishingTestExecutionListener]
16:11:29.011 [Test worker] INFO org.springframework.boot.test.context.SpringBootTestContextBootstrapper - Using TestExecutionListeners: [org.springframework.test.context.web.ServletTestExecutionListener@484094a5, org.springframework.test.context.support.DirtiesContextBeforeModesTestExecutionListener@38234a38, org.springframework.test.context.event.ApplicationEventsTestExecutionListener@63fbfaeb, org.springframework.boot.test.mock.mockito.MockitoTestExecutionListener@602e0143, org.springframework.boot.test.autoconfigure.SpringBootDependencyInjectionTestExecutionListener@2c07545f, org.springframework.test.context.support.DirtiesContextTestExecutionListener@e57b96d, org.springframework.test.context.transaction.TransactionalTestExecutionListener@32c726ee, org.springframework.test.context.jdbc.SqlScriptsTestExecutionListener@22f31dec, org.springframework.test.context.event.EventPublishingTestExecutionListener@34c01041, org.springframework.boot.test.autoconfigure.restdocs.RestDocsTestExecutionListener@76f4b65, org.springframework.boot.test.autoconfigure.web.client.MockRestServiceServerResetTestExecutionListener@c94fd30, org.springframework.boot.test.autoconfigure.web.servlet.MockMvcPrintOnlyOnFailureTestExecutionListener@36328d33, org.springframework.boot.test.autoconfigure.web.servlet.WebDriverTestExecutionListener@2c4d1ac, org.springframework.boot.test.autoconfigure.webservices.client.MockWebServiceServerTestExecutionListener@7f0d96f2, org.springframework.boot.test.mock.mockito.ResetMocksTestExecutionListener@545b995e]
16:11:29.016 [Test worker] DEBUG org.springframework.test.context.support.AbstractDirtiesContextTestExecutionListener - Before test class: context [DefaultTestContext@4b40f651 testClass = TallerApplicationTests, testInstance = [null], testMethod = [null], testException = [null], mergedContextConfiguration = [WebMergedContextConfiguration@42b02722 testClass = TallerApplicationTests, locations = '{}', classes = '{class co.edu.polijic.taller.TallerApplication}', contextInitializerClasses = '[]', activeProfiles = '{}', propertySourceLocations = '{}', propertySourceProperties = '{org.springframework.boot.test.context.SpringBootTestContextBootstrapper=true}', contextCustomizers = set[org.springframework.boot.test.autoconfigure.actuate.metrics.MetricsExportContextCustomizerFactory$DisableMetricExportContextCustomizer@413d1baf, org.springframework.boot.test.autoconfigure.properties.PropertyMappingContextCustomizer@0, org.springframework.boot.test.autoconfigure.web.servlet.WebDriverContextCustomizerFactory$Customizer@7c137fd5, org.springframework.boot.test.context.filter.ExcludeFilterContextCustomizer@2b40ff9c, org.springframework.boot.test.json.DuplicateJsonObjectContextCustomizerFactory$DuplicateJsonObjectContextCustomizer@8462f31, org.springframework.boot.test.mock.mockito.MockitoContextCustomizer@0, org.springframework.boot.test.web.client.TestRestTemplateContextCustomizer@6f10d5b6, org.springframework.boot.test.context.SpringBootTestArgs@1, org.springframework.boot.test.context.SpringBootTestWebEnvironment@2f112965], resourceBasePath = 'src/main/webapp', contextLoader = 'org.springframework.boot.test.context.SpringBootContextLoader', parent = [null]], attributes = map['org.springframework.test.context.web.ServletTestExecutionListener.activateListener' -> true]], class annotated with @DirtiesContext [false] with mode [null].

  .   ____          _            __ _ _
 /\\ / ___'_ __ _ _(_)_ __  __ _ \ \ \ \
( ( )\___ | '_ | '_| | '_ \/ _` | \ \ \ \
 \\/  ___)| |_)| | | | | || (_| |  ) ) ) )
  '  |____| .__|_| |_|_| |_\__, | / / / /
 =========|_|==============|___/=/_/_/_/
 :: Spring Boot ::                (v2.6.8)

2022-05-30 16:11:29.529  INFO 18376 --- [    Test worker] c.e.p.taller.TallerApplicationTests      : Starting TallerApplicationTests using Java 1.8.0_261 on DESKTOP-GB0KOSJ with PID 18376 (started by sebas in D:\Papeles_Universidad\CURSOS\Computacion de la nube\Taller01\taller)
2022-05-30 16:11:29.531  INFO 18376 --- [    Test worker] c.e.p.taller.TallerApplicationTests      : No active profile set, falling back to 1 default profile: "default"
2022-05-30 16:11:32.025  INFO 18376 --- [    Test worker] .s.d.r.c.RepositoryConfigurationDelegate : Bootstrapping Spring Data JPA repositories in DEFAULT mode.
2022-05-30 16:11:32.271  INFO 18376 --- [    Test worker] .s.d.r.c.RepositoryConfigurationDelegate : Finished Spring Data repository scanning in 220 ms. Found 3 JPA repository interfaces.
2022-05-30 16:11:34.296  INFO 18376 --- [    Test worker] o.hibernate.jpa.internal.util.LogHelper  : HHH000204: Processing PersistenceUnitInfo [name: default]
2022-05-30 16:11:34.503  INFO 18376 --- [    Test worker] org.hibernate.Version                    : HHH000412: Hibernate ORM core version 5.6.9.Final
2022-05-30 16:11:35.082  INFO 18376 --- [    Test worker] o.hibernate.annotations.common.Version   : HCANN000001: Hibernate Commons Annotations {5.1.2.Final}
2022-05-30 16:11:35.352  INFO 18376 --- [    Test worker] com.zaxxer.hikari.HikariDataSource       : HikariPool-1 - Starting...
2022-05-30 16:11:37.289  INFO 18376 --- [    Test worker] com.zaxxer.hikari.HikariDataSource       : HikariPool-1 - Start completed.
2022-05-30 16:11:37.434  INFO 18376 --- [    Test worker] org.hibernate.dialect.Dialect            : HHH000400: Using dialect: org.hibernate.dialect.PostgreSQL10Dialect
2022-05-30 16:11:41.049  INFO 18376 --- [    Test worker] o.h.e.t.j.p.i.JtaPlatformInitiator       : HHH000490: Using JtaPlatform implementation: [org.hibernate.engine.transaction.jta.platform.internal.NoJtaPlatform]
2022-05-30 16:11:41.069  INFO 18376 --- [    Test worker] j.LocalContainerEntityManagerFactoryBean : Initialized JPA EntityManagerFactory for persistence unit 'default'
2022-05-30 16:11:45.211  WARN 18376 --- [    Test worker] JpaBaseConfiguration$JpaWebConfiguration : spring.jpa.open-in-view is enabled by default. Therefore, database queries may be performed during view rendering. Explicitly configure spring.jpa.open-in-view to disable this warning
2022-05-30 16:11:49.211  INFO 18376 --- [    Test worker] c.e.p.taller.TallerApplicationTests      : Started TallerApplicationTests in 20.149 seconds (JVM running for 22.072)
]]></system-out>
  <system-err><![CDATA[]]></system-err>
</testsuite>
