<?xml version="1.0" encoding="UTF-8"?>
<testsuite name="co.edu.polijic.taller.ProjectRepositoryMockTest" tests="1" skipped="0" failures="0" errors="0" timestamp="2022-06-04T15:52:26" hostname="DESKTOP-GB0KOSJ" time="0.309">
  <properties/>
  <testcase name="when_findAll_return_ListProject()" classname="co.edu.polijic.taller.ProjectRepositoryMockTest" time="0.309"/>
  <system-out><![CDATA[10:52:21.594 [Test worker] DEBUG org.springframework.test.context.BootstrapUtils - Instantiating CacheAwareContextLoaderDelegate from class [org.springframework.test.context.cache.DefaultCacheAwareContextLoaderDelegate]
10:52:21.609 [Test worker] DEBUG org.springframework.test.context.BootstrapUtils - Instantiating BootstrapContext using constructor [public org.springframework.test.context.support.DefaultBootstrapContext(java.lang.Class,org.springframework.test.context.CacheAwareContextLoaderDelegate)]
10:52:21.657 [Test worker] DEBUG org.springframework.test.context.BootstrapUtils - Instantiating TestContextBootstrapper for test class [co.edu.polijic.taller.ProjectRepositoryMockTest] from class [org.springframework.boot.test.autoconfigure.orm.jpa.DataJpaTestContextBootstrapper]
10:52:21.674 [Test worker] INFO org.springframework.boot.test.autoconfigure.orm.jpa.DataJpaTestContextBootstrapper - Neither @ContextConfiguration nor @ContextHierarchy found for test class [co.edu.polijic.taller.ProjectRepositoryMockTest], using SpringBootContextLoader
10:52:21.679 [Test worker] DEBUG org.springframework.test.context.support.AbstractContextLoader - Did not detect default resource location for test class [co.edu.polijic.taller.ProjectRepositoryMockTest]: class path resource [co/edu/polijic/taller/ProjectRepositoryMockTest-context.xml] does not exist
10:52:21.680 [Test worker] DEBUG org.springframework.test.context.support.AbstractContextLoader - Did not detect default resource location for test class [co.edu.polijic.taller.ProjectRepositoryMockTest]: class path resource [co/edu/polijic/taller/ProjectRepositoryMockTestContext.groovy] does not exist
10:52:21.680 [Test worker] INFO org.springframework.test.context.support.AbstractContextLoader - Could not detect default resource locations for test class [co.edu.polijic.taller.ProjectRepositoryMockTest]: no resource found for suffixes {-context.xml, Context.groovy}.
10:52:21.681 [Test worker] INFO org.springframework.test.context.support.AnnotationConfigContextLoaderUtils - Could not detect default configuration classes for test class [co.edu.polijic.taller.ProjectRepositoryMockTest]: ProjectRepositoryMockTest does not declare any static, non-private, non-final, nested classes annotated with @Configuration.
10:52:21.764 [Test worker] DEBUG org.springframework.test.context.support.ActiveProfilesUtils - Could not find an 'annotation declaring class' for annotation type [org.springframework.test.context.ActiveProfiles] and class [co.edu.polijic.taller.ProjectRepositoryMockTest]
10:52:21.834 [Test worker] DEBUG org.springframework.context.annotation.ClassPathScanningCandidateComponentProvider - Identified candidate component class: file [D:\Papeles_Universidad\CURSOS\Computacion de la nube\Taller01\taller\build\classes\java\main\co\edu\polijic\taller\TallerApplication.class]
10:52:21.836 [Test worker] INFO org.springframework.boot.test.context.SpringBootTestContextBootstrapper - Found @SpringBootConfiguration co.edu.polijic.taller.TallerApplication for test class co.edu.polijic.taller.ProjectRepositoryMockTest
10:52:21.840 [Test worker] DEBUG org.springframework.boot.test.autoconfigure.orm.jpa.DataJpaTestContextBootstrapper - @TestExecutionListeners is not present for class [co.edu.polijic.taller.ProjectRepositoryMockTest]: using defaults.
10:52:21.841 [Test worker] INFO org.springframework.boot.test.autoconfigure.orm.jpa.DataJpaTestContextBootstrapper - Loaded default TestExecutionListener class names from location [META-INF/spring.factories]: [org.springframework.boot.test.autoconfigure.restdocs.RestDocsTestExecutionListener, org.springframework.boot.test.autoconfigure.web.client.MockRestServiceServerResetTestExecutionListener, org.springframework.boot.test.autoconfigure.web.servlet.MockMvcPrintOnlyOnFailureTestExecutionListener, org.springframework.boot.test.autoconfigure.web.servlet.WebDriverTestExecutionListener, org.springframework.boot.test.autoconfigure.webservices.client.MockWebServiceServerTestExecutionListener, org.springframework.boot.test.mock.mockito.MockitoTestExecutionListener, org.springframework.boot.test.mock.mockito.ResetMocksTestExecutionListener, org.springframework.test.context.web.ServletTestExecutionListener, org.springframework.test.context.support.DirtiesContextBeforeModesTestExecutionListener, org.springframework.test.context.event.ApplicationEventsTestExecutionListener, org.springframework.test.context.support.DependencyInjectionTestExecutionListener, org.springframework.test.context.support.DirtiesContextTestExecutionListener, org.springframework.test.context.transaction.TransactionalTestExecutionListener, org.springframework.test.context.jdbc.SqlScriptsTestExecutionListener, org.springframework.test.context.event.EventPublishingTestExecutionListener]
10:52:21.875 [Test worker] INFO org.springframework.boot.test.autoconfigure.orm.jpa.DataJpaTestContextBootstrapper - Using TestExecutionListeners: [org.springframework.test.context.web.ServletTestExecutionListener@50dfbc58, org.springframework.test.context.support.DirtiesContextBeforeModesTestExecutionListener@4416d64f, org.springframework.test.context.event.ApplicationEventsTestExecutionListener@6bf08014, org.springframework.boot.test.mock.mockito.MockitoTestExecutionListener@5e3d57c7, org.springframework.boot.test.autoconfigure.SpringBootDependencyInjectionTestExecutionListener@732d0d24, org.springframework.test.context.support.DirtiesContextTestExecutionListener@1fb19a0, org.springframework.test.context.transaction.TransactionalTestExecutionListener@6ee4d9ab, org.springframework.test.context.jdbc.SqlScriptsTestExecutionListener@5a5338df, org.springframework.test.context.event.EventPublishingTestExecutionListener@418c5a9c, org.springframework.boot.test.autoconfigure.restdocs.RestDocsTestExecutionListener@18e36d14, org.springframework.boot.test.autoconfigure.web.client.MockRestServiceServerResetTestExecutionListener@5082d622, org.springframework.boot.test.autoconfigure.web.servlet.MockMvcPrintOnlyOnFailureTestExecutionListener@13d4992d, org.springframework.boot.test.autoconfigure.web.servlet.WebDriverTestExecutionListener@302f7971, org.springframework.boot.test.autoconfigure.webservices.client.MockWebServiceServerTestExecutionListener@332729ad, org.springframework.boot.test.mock.mockito.ResetMocksTestExecutionListener@75d2da2d]
10:52:21.880 [Test worker] DEBUG org.springframework.test.context.support.AbstractDirtiesContextTestExecutionListener - Before test class: context [DefaultTestContext@5965be2d testClass = ProjectRepositoryMockTest, testInstance = [null], testMethod = [null], testException = [null], mergedContextConfiguration = [MergedContextConfiguration@409c54f testClass = ProjectRepositoryMockTest, locations = '{}', classes = '{class co.edu.polijic.taller.TallerApplication}', contextInitializerClasses = '[]', activeProfiles = '{}', propertySourceLocations = '{}', propertySourceProperties = '{org.springframework.boot.test.autoconfigure.orm.jpa.DataJpaTestContextBootstrapper=true}', contextCustomizers = set[org.springframework.boot.test.autoconfigure.OverrideAutoConfigurationContextCustomizerFactory$DisableAutoConfigurationContextCustomizer@71687585, org.springframework.boot.test.autoconfigure.actuate.metrics.MetricsExportContextCustomizerFactory$DisableMetricExportContextCustomizer@6a4f1a55, org.springframework.boot.test.autoconfigure.filter.TypeExcludeFiltersContextCustomizer@351584c0, org.springframework.boot.test.autoconfigure.properties.PropertyMappingContextCustomizer@ea8bc12e, org.springframework.boot.test.autoconfigure.web.servlet.WebDriverContextCustomizerFactory$Customizer@45385f75, [ImportsContextCustomizer@3e74829 key = [org.springframework.boot.autoconfigure.cache.CacheAutoConfiguration, org.springframework.boot.autoconfigure.data.jpa.JpaRepositoriesAutoConfiguration, org.springframework.boot.autoconfigure.flyway.FlywayAutoConfiguration, org.springframework.boot.autoconfigure.jdbc.DataSourceAutoConfiguration, org.springframework.boot.autoconfigure.jdbc.DataSourceTransactionManagerAutoConfiguration, org.springframework.boot.autoconfigure.jdbc.JdbcTemplateAutoConfiguration, org.springframework.boot.autoconfigure.liquibase.LiquibaseAutoConfiguration, org.springframework.boot.autoconfigure.orm.jpa.HibernateJpaAutoConfiguration, org.springframework.boot.autoconfigure.sql.init.SqlInitializationAutoConfiguration, org.springframework.boot.autoconfigure.transaction.TransactionAutoConfiguration, org.springframework.boot.test.autoconfigure.jdbc.TestDatabaseAutoConfiguration, org.springframework.boot.test.autoconfigure.orm.jpa.TestEntityManagerAutoConfiguration]], org.springframework.boot.test.context.filter.ExcludeFilterContextCustomizer@45efd90f, org.springframework.boot.test.json.DuplicateJsonObjectContextCustomizerFactory$DuplicateJsonObjectContextCustomizer@3214ee6, org.springframework.boot.test.mock.mockito.MockitoContextCustomizer@0, org.springframework.boot.test.context.SpringBootTestArgs@1, org.springframework.boot.test.context.SpringBootTestWebEnvironment@0], contextLoader = 'org.springframework.boot.test.context.SpringBootContextLoader', parent = [null]], attributes = map[[empty]]], class annotated with @DirtiesContext [false] with mode [null].
10:52:21.899 [Test worker] DEBUG org.springframework.test.context.support.DependencyInjectionTestExecutionListener - Performing dependency injection for test context [[DefaultTestContext@5965be2d testClass = ProjectRepositoryMockTest, testInstance = co.edu.polijic.taller.ProjectRepositoryMockTest@37e4d7bb, testMethod = [null], testException = [null], mergedContextConfiguration = [MergedContextConfiguration@409c54f testClass = ProjectRepositoryMockTest, locations = '{}', classes = '{class co.edu.polijic.taller.TallerApplication}', contextInitializerClasses = '[]', activeProfiles = '{}', propertySourceLocations = '{}', propertySourceProperties = '{org.springframework.boot.test.autoconfigure.orm.jpa.DataJpaTestContextBootstrapper=true}', contextCustomizers = set[org.springframework.boot.test.autoconfigure.OverrideAutoConfigurationContextCustomizerFactory$DisableAutoConfigurationContextCustomizer@71687585, org.springframework.boot.test.autoconfigure.actuate.metrics.MetricsExportContextCustomizerFactory$DisableMetricExportContextCustomizer@6a4f1a55, org.springframework.boot.test.autoconfigure.filter.TypeExcludeFiltersContextCustomizer@351584c0, org.springframework.boot.test.autoconfigure.properties.PropertyMappingContextCustomizer@ea8bc12e, org.springframework.boot.test.autoconfigure.web.servlet.WebDriverContextCustomizerFactory$Customizer@45385f75, [ImportsContextCustomizer@3e74829 key = [org.springframework.boot.autoconfigure.cache.CacheAutoConfiguration, org.springframework.boot.autoconfigure.data.jpa.JpaRepositoriesAutoConfiguration, org.springframework.boot.autoconfigure.flyway.FlywayAutoConfiguration, org.springframework.boot.autoconfigure.jdbc.DataSourceAutoConfiguration, org.springframework.boot.autoconfigure.jdbc.DataSourceTransactionManagerAutoConfiguration, org.springframework.boot.autoconfigure.jdbc.JdbcTemplateAutoConfiguration, org.springframework.boot.autoconfigure.liquibase.LiquibaseAutoConfiguration, org.springframework.boot.autoconfigure.orm.jpa.HibernateJpaAutoConfiguration, org.springframework.boot.autoconfigure.sql.init.SqlInitializationAutoConfiguration, org.springframework.boot.autoconfigure.transaction.TransactionAutoConfiguration, org.springframework.boot.test.autoconfigure.jdbc.TestDatabaseAutoConfiguration, org.springframework.boot.test.autoconfigure.orm.jpa.TestEntityManagerAutoConfiguration]], org.springframework.boot.test.context.filter.ExcludeFilterContextCustomizer@45efd90f, org.springframework.boot.test.json.DuplicateJsonObjectContextCustomizerFactory$DuplicateJsonObjectContextCustomizer@3214ee6, org.springframework.boot.test.mock.mockito.MockitoContextCustomizer@0, org.springframework.boot.test.context.SpringBootTestArgs@1, org.springframework.boot.test.context.SpringBootTestWebEnvironment@0], contextLoader = 'org.springframework.boot.test.context.SpringBootContextLoader', parent = [null]], attributes = map['org.springframework.test.context.event.ApplicationEventsTestExecutionListener.recordApplicationEvents' -> false]]].

  .   ____          _            __ _ _
 /\\ / ___'_ __ _ _(_)_ __  __ _ \ \ \ \
( ( )\___ | '_ | '_| | '_ \/ _` | \ \ \ \
 \\/  ___)| |_)| | | | | || (_| |  ) ) ) )
  '  |____| .__|_| |_|_| |_\__, | / / / /
 =========|_|==============|___/=/_/_/_/
 :: Spring Boot ::                (v2.6.8)

2022-06-04 10:52:22.501  INFO 6000 --- [    Test worker] c.e.p.taller.ProjectRepositoryMockTest   : Starting ProjectRepositoryMockTest using Java 1.8.0_261 on DESKTOP-GB0KOSJ with PID 6000 (started by sebas in D:\Papeles_Universidad\CURSOS\Computacion de la nube\Taller01\taller)
2022-06-04 10:52:22.503  INFO 6000 --- [    Test worker] c.e.p.taller.ProjectRepositoryMockTest   : The following 1 profile is active: "dev"
2022-06-04 10:52:23.141  INFO 6000 --- [    Test worker] .s.d.r.c.RepositoryConfigurationDelegate : Bootstrapping Spring Data JPA repositories in DEFAULT mode.
2022-06-04 10:52:23.256  INFO 6000 --- [    Test worker] .s.d.r.c.RepositoryConfigurationDelegate : Finished Spring Data repository scanning in 95 ms. Found 3 JPA repository interfaces.
2022-06-04 10:52:23.335  INFO 6000 --- [    Test worker] beddedDataSourceBeanFactoryPostProcessor : Replacing 'dataSource' DataSource bean with embedded version
2022-06-04 10:52:23.524  INFO 6000 --- [    Test worker] o.s.j.d.e.EmbeddedDatabaseFactory        : Starting embedded database: url='jdbc:h2:mem:c4ee8579-d12a-42f3-9816-47291280bb1f;DB_CLOSE_DELAY=-1;DB_CLOSE_ON_EXIT=false', username='sa'
2022-06-04 10:52:23.973  INFO 6000 --- [    Test worker] o.hibernate.jpa.internal.util.LogHelper  : HHH000204: Processing PersistenceUnitInfo [name: default]
2022-06-04 10:52:24.042  INFO 6000 --- [    Test worker] org.hibernate.Version                    : HHH000412: Hibernate ORM core version 5.6.9.Final
2022-06-04 10:52:24.271  INFO 6000 --- [    Test worker] o.hibernate.annotations.common.Version   : HCANN000001: Hibernate Commons Annotations {5.1.2.Final}
2022-06-04 10:52:24.476  INFO 6000 --- [    Test worker] org.hibernate.dialect.Dialect            : HHH000400: Using dialect: org.hibernate.dialect.H2Dialect
Hibernate: drop table if exists backlogs CASCADE 
Hibernate: drop table if exists proyect_tasks CASCADE 
Hibernate: drop table if exists proyects CASCADE 
Hibernate: drop sequence if exists hibernate_sequence
Hibernate: create sequence hibernate_sequence start with 1 increment by 1
Hibernate: create table backlogs (id bigint not null, project_identifier varchar(255), proyects_id bigint, primary key (id))
Hibernate: create table proyect_tasks (id bigint not null, acceptance_criteria varchar(255), end_date timestamp, hours double check (hours<=8 AND hours>=1), name varchar(255), priority integer not null check (priority<=5 AND priority>=1), project_identifier varchar(255), star_date timestamp, status varchar(255), summary varchar(255), backlogs_id bigint, primary key (id))
Hibernate: create table proyects (id bigint not null, description varchar(255), end_date timestamp, project_identifier varchar(7), project_name varchar(255), start_date timestamp, primary key (id))
Hibernate: alter table proyects add constraint UK_fg3s68dsu5ec99t2gdwddvrsy unique (project_identifier)
Hibernate: alter table proyects add constraint UK_jrhkix3o2at8x8nbsmiid0gyg unique (project_name)
Hibernate: alter table backlogs add constraint FKry10nik04jdq2nq8akvnuuey foreign key (proyects_id) references proyects
Hibernate: alter table proyect_tasks add constraint FKexfynl9trav3tgfe60xmvlojq foreign key (backlogs_id) references backlogs
2022-06-04 10:52:25.510  INFO 6000 --- [    Test worker] o.h.e.t.j.p.i.JtaPlatformInitiator       : HHH000490: Using JtaPlatform implementation: [org.hibernate.engine.transaction.jta.platform.internal.NoJtaPlatform]
2022-06-04 10:52:25.522  INFO 6000 --- [    Test worker] j.LocalContainerEntityManagerFactoryBean : Initialized JPA EntityManagerFactory for persistence unit 'default'
2022-06-04 10:52:26.674  INFO 6000 --- [    Test worker] c.e.p.taller.ProjectRepositoryMockTest   : Started ProjectRepositoryMockTest in 4.726 seconds (JVM running for 6.307)
2022-06-04 10:52:26.713  INFO 6000 --- [    Test worker] o.s.t.c.transaction.TransactionContext   : Began transaction (1) for test context [DefaultTestContext@5965be2d testClass = ProjectRepositoryMockTest, testInstance = co.edu.polijic.taller.ProjectRepositoryMockTest@37e4d7bb, testMethod = when_findAll_return_ListProject@ProjectRepositoryMockTest, testException = [null], mergedContextConfiguration = [MergedContextConfiguration@409c54f testClass = ProjectRepositoryMockTest, locations = '{}', classes = '{class co.edu.polijic.taller.TallerApplication}', contextInitializerClasses = '[]', activeProfiles = '{}', propertySourceLocations = '{}', propertySourceProperties = '{org.springframework.boot.test.autoconfigure.orm.jpa.DataJpaTestContextBootstrapper=true}', contextCustomizers = set[org.springframework.boot.test.autoconfigure.OverrideAutoConfigurationContextCustomizerFactory$DisableAutoConfigurationContextCustomizer@71687585, org.springframework.boot.test.autoconfigure.actuate.metrics.MetricsExportContextCustomizerFactory$DisableMetricExportContextCustomizer@6a4f1a55, org.springframework.boot.test.autoconfigure.filter.TypeExcludeFiltersContextCustomizer@351584c0, org.springframework.boot.test.autoconfigure.properties.PropertyMappingContextCustomizer@ea8bc12e, org.springframework.boot.test.autoconfigure.web.servlet.WebDriverContextCustomizerFactory$Customizer@45385f75, [ImportsContextCustomizer@3e74829 key = [org.springframework.boot.autoconfigure.cache.CacheAutoConfiguration, org.springframework.boot.autoconfigure.data.jpa.JpaRepositoriesAutoConfiguration, org.springframework.boot.autoconfigure.flyway.FlywayAutoConfiguration, org.springframework.boot.autoconfigure.jdbc.DataSourceAutoConfiguration, org.springframework.boot.autoconfigure.jdbc.DataSourceTransactionManagerAutoConfiguration, org.springframework.boot.autoconfigure.jdbc.JdbcTemplateAutoConfiguration, org.springframework.boot.autoconfigure.liquibase.LiquibaseAutoConfiguration, org.springframework.boot.autoconfigure.orm.jpa.HibernateJpaAutoConfiguration, org.springframework.boot.autoconfigure.sql.init.SqlInitializationAutoConfiguration, org.springframework.boot.autoconfigure.transaction.TransactionAutoConfiguration, org.springframework.boot.test.autoconfigure.jdbc.TestDatabaseAutoConfiguration, org.springframework.boot.test.autoconfigure.orm.jpa.TestEntityManagerAutoConfiguration]], org.springframework.boot.test.context.filter.ExcludeFilterContextCustomizer@45efd90f, org.springframework.boot.test.json.DuplicateJsonObjectContextCustomizerFactory$DuplicateJsonObjectContextCustomizer@3214ee6, org.springframework.boot.test.mock.mockito.MockitoContextCustomizer@0, org.springframework.boot.test.context.SpringBootTestArgs@1, org.springframework.boot.test.context.SpringBootTestWebEnvironment@0], contextLoader = 'org.springframework.boot.test.context.SpringBootContextLoader', parent = [null]], attributes = map['org.springframework.test.context.event.ApplicationEventsTestExecutionListener.recordApplicationEvents' -> false]]; transaction manager [org.springframework.orm.jpa.JpaTransactionManager@615b5480]; rollback [true]
Hibernate: call next value for hibernate_sequence
Hibernate: insert into proyects (description, end_date, project_identifier, project_name, start_date, id) values (?, ?, ?, ?, ?, ?)
Hibernate: select project0_.id as id1_2_, project0_.description as descript2_2_, project0_.end_date as end_date3_2_, project0_.project_identifier as project_4_2_, project0_.project_name as project_5_2_, project0_.start_date as start_da6_2_ from proyects project0_
2022-06-04 10:52:26.994  INFO 6000 --- [    Test worker] o.s.t.c.transaction.TransactionContext   : Rolled back transaction for test: [DefaultTestContext@5965be2d testClass = ProjectRepositoryMockTest, testInstance = co.edu.polijic.taller.ProjectRepositoryMockTest@37e4d7bb, testMethod = when_findAll_return_ListProject@ProjectRepositoryMockTest, testException = [null], mergedContextConfiguration = [MergedContextConfiguration@409c54f testClass = ProjectRepositoryMockTest, locations = '{}', classes = '{class co.edu.polijic.taller.TallerApplication}', contextInitializerClasses = '[]', activeProfiles = '{}', propertySourceLocations = '{}', propertySourceProperties = '{org.springframework.boot.test.autoconfigure.orm.jpa.DataJpaTestContextBootstrapper=true}', contextCustomizers = set[org.springframework.boot.test.autoconfigure.OverrideAutoConfigurationContextCustomizerFactory$DisableAutoConfigurationContextCustomizer@71687585, org.springframework.boot.test.autoconfigure.actuate.metrics.MetricsExportContextCustomizerFactory$DisableMetricExportContextCustomizer@6a4f1a55, org.springframework.boot.test.autoconfigure.filter.TypeExcludeFiltersContextCustomizer@351584c0, org.springframework.boot.test.autoconfigure.properties.PropertyMappingContextCustomizer@ea8bc12e, org.springframework.boot.test.autoconfigure.web.servlet.WebDriverContextCustomizerFactory$Customizer@45385f75, [ImportsContextCustomizer@3e74829 key = [org.springframework.boot.autoconfigure.cache.CacheAutoConfiguration, org.springframework.boot.autoconfigure.data.jpa.JpaRepositoriesAutoConfiguration, org.springframework.boot.autoconfigure.flyway.FlywayAutoConfiguration, org.springframework.boot.autoconfigure.jdbc.DataSourceAutoConfiguration, org.springframework.boot.autoconfigure.jdbc.DataSourceTransactionManagerAutoConfiguration, org.springframework.boot.autoconfigure.jdbc.JdbcTemplateAutoConfiguration, org.springframework.boot.autoconfigure.liquibase.LiquibaseAutoConfiguration, org.springframework.boot.autoconfigure.orm.jpa.HibernateJpaAutoConfiguration, org.springframework.boot.autoconfigure.sql.init.SqlInitializationAutoConfiguration, org.springframework.boot.autoconfigure.transaction.TransactionAutoConfiguration, org.springframework.boot.test.autoconfigure.jdbc.TestDatabaseAutoConfiguration, org.springframework.boot.test.autoconfigure.orm.jpa.TestEntityManagerAutoConfiguration]], org.springframework.boot.test.context.filter.ExcludeFilterContextCustomizer@45efd90f, org.springframework.boot.test.json.DuplicateJsonObjectContextCustomizerFactory$DuplicateJsonObjectContextCustomizer@3214ee6, org.springframework.boot.test.mock.mockito.MockitoContextCustomizer@0, org.springframework.boot.test.context.SpringBootTestArgs@1, org.springframework.boot.test.context.SpringBootTestWebEnvironment@0], contextLoader = 'org.springframework.boot.test.context.SpringBootContextLoader', parent = [null]], attributes = map['org.springframework.test.context.event.ApplicationEventsTestExecutionListener.recordApplicationEvents' -> false]]
]]></system-out>
  <system-err><![CDATA[]]></system-err>
</testsuite>
